1762778307940:login
1762778321739:login --username user1 --password qlqjs123
1762787316142:chat --dream-content "이빨이 빠지는 꿈"
1762787322220:chat --dream-content "hi"
1762787323810:chat1762788103715:login --username user1 --password qlqjs123
1762788106527:chat
1762788109489:chat "123"
1762788202014:/help
1762788203125:help
1762788342267:chat "123"
1762788485367:chat
1762788643137:login
1762788645872:chat
1762789212434:login --username user1 --password qlqjs123
1762789214648:chat
1762789453887:hel[p
1762789454858:help
1762789463358:history
1762789473140:version
1762789477832:stacktrace
1762789484300:chat
1762789486901:chat --stacktrace
1762789492032:chat stacktrace
1762789584105:chat
1762790198535:help
1762790203169:chat
1762790278628:quit
1763021109205:login
1763021114791:login --username user1 --password qlqjs123
1763021117076:help
1763021119370:chat
1763021137093:chat --dreamContent "높은 곳에서 떨어지는 꿈" --dreamEmotion FEAR --aiStyle HAPPY --tags "프롬프트바꾸고테스트"
1763021153703:chat --dreamContent "높은 곳에서 떨어지는 꿈" --dreamEmotion HAPPY --aiStyle ENFP --tags "프롬프트바꾸고테스트"
1763021185912:help
1763021193932:get-dream-analysis
1763021200220:get-dream-analysis 11
1763021202549:get-dream-analysis 80
1763021226066:get-dream-analysis 878
